220223160913.903 ERROR 'ansible_navigator.image_manager.puller._log_message' Execution environment pull failed
220223160913.904 ERROR 'ansible_navigator.image_manager.puller._log_message' Error response from daemon: pull access denied for my_first_ee_image, repository does not exist or may require 'docker login': denied: requested access to the resource is denied
220223160938.351 ERROR 'ansible_navigator.image_manager.puller._log_message' Execution environment pull failed
220223160938.351 ERROR 'ansible_navigator.image_manager.puller._log_message' Error response from daemon: pull access denied for my_first_ee_image, repository does not exist or may require 'docker login': denied: requested access to the resource is denied
220223160952.080 INFO 'ansible_navigator.setup_logger' New ansible-navigator instance, logging initialized
220223160952.081 INFO 'ansible_navigator.setup_logger' New ansible-runner instance, logging initialized
220223160952.081 DEBUG 'ansible_navigator.main' Share directory '/root/.local/lib/python3.8/share/ansible_navigator' not found (development path)
220223160952.081 DEBUG 'ansible_navigator.main' Share directory '/root/.local/share/ansible_navigator' found (userbase)
220223160952.081 DEBUG 'ansible_navigator.main' Default collection_doc_cache_path set to: /root/.cache/ansible-navigator/collection_doc_cache.db
220223160952.081 DEBUG 'ansible_navigator.main' EDITOR environment variable not set
220223160952.081 DEBUG 'ansible_navigator.main' Default editor_command set to: vi +{line_number} {filename}
220223160952.081 DEBUG 'ansible_navigator.main' No config file set by ANSIBLE_NAVIGATOR_CONFIG
220223160952.081 DEBUG 'ansible_navigator.main' Looking in /root
220223160952.081 DEBUG 'ansible_navigator.main' Looking for '/root/.ansible-navigator.yml', '/root/.ansible-navigator.yaml' and '/root/.ansible-navigator.json'
220223160952.081 DEBUG 'ansible_navigator.main' Found 0: 
220223160952.081 DEBUG 'ansible_navigator.main' Looking in /home/adelahoz/project_life_cycle/ansible-builder-example
220223160952.081 DEBUG 'ansible_navigator.main' Looking for '/home/adelahoz/project_life_cycle/ansible-builder-example/ansible-navigator.yml', '/home/adelahoz/project_life_cycle/ansible-builder-example/ansible-navigator.yaml' and '/home/adelahoz/project_life_cycle/ansible-builder-example/ansible-navigator.json'
220223160952.081 DEBUG 'ansible_navigator.main' Found 0: 
220223160952.081 DEBUG 'ansible_navigator.main' All found 0: 
220223160952.081 DEBUG 'ansible_navigator.main' Using: None
220223160952.081 DEBUG 'ansible_navigator.main' No valid settings file found, using all default values for settings.
220223160952.082 DEBUG 'ansible_navigator.main' Command provided: 'collections --ee my_first_ee_image'
220223160952.082 DEBUG 'ansible_navigator.main' Completed post processing for ansible_runner_artifact_dir. (changed=False)
220223160952.082 DEBUG 'ansible_navigator.main' Completed post processing for ansible_runner_rotate_artifacts_count. (changed=False)
220223160952.082 DEBUG 'ansible_navigator.main' Completed post processing for ansible_runner_timeout. (changed=False)
220223160952.082 DEBUG 'ansible_navigator.main' Completed post processing for cmdline. (changed=False)
220223160952.082 DEBUG 'ansible_navigator.main' Completed post processing for collection_doc_cache_path. (changed=False)
220223160952.082 DEBUG 'ansible_navigator.main' Completed post processing for container_engine. (changed=True)
220223160952.082 DEBUG 'ansible_navigator.main'  before: 'auto'
220223160952.082 DEBUG 'ansible_navigator.main'  after: 'docker'
220223160952.082 DEBUG 'ansible_navigator.main' Completed post processing for container_options. (changed=False)
220223160952.082 DEBUG 'ansible_navigator.main' Completed post processing for display_color. (changed=False)
220223160952.082 DEBUG 'ansible_navigator.main' Completed post processing for editor_console. (changed=False)
220223160952.082 INFO 'ansible_navigator.main' ansible-playbook found at /usr/bin/ansible-playbook
220223160952.082 DEBUG 'ansible_navigator.main' Completed post processing for execution_environment. (changed=False)
220223160952.082 DEBUG 'ansible_navigator.main' Completed post processing for execution_environment_image. (changed=False)
220223160952.082 DEBUG 'ansible_navigator.main' Completed post processing for execution_environment_volume_mounts. (changed=False)
220223160952.082 DEBUG 'ansible_navigator.main' Completed post processing for help_config. (changed=False)
220223160952.082 DEBUG 'ansible_navigator.main' Completed post processing for help_doc. (changed=False)
220223160952.083 DEBUG 'ansible_navigator.main' Completed post processing for help_inventory. (changed=False)
220223160952.083 DEBUG 'ansible_navigator.main' Completed post processing for help_playbook. (changed=False)
220223160952.083 DEBUG 'ansible_navigator.main' Completed post processing for inventory. (changed=False)
220223160952.083 DEBUG 'ansible_navigator.main' Completed post processing for inventory_column. (changed=False)
220223160952.083 DEBUG 'ansible_navigator.main' Completed post processing for log_append. (changed=False)
220223160952.083 DEBUG 'ansible_navigator.main' Completed post processing for log_file. (changed=False)
220223160952.083 DEBUG 'ansible_navigator.main' Completed post processing for mode. (changed=False)
220223160952.083 DEBUG 'ansible_navigator.main' Completed post processing for osc4. (changed=False)
220223160952.083 DEBUG 'ansible_navigator.main' Completed post processing for pass_environment_variable. (changed=False)
220223160952.083 DEBUG 'ansible_navigator.main' Completed post processing for playbook. (changed=False)
220223160952.083 DEBUG 'ansible_navigator.main' Completed post processing for playbook_artifact_enable. (changed=False)
220223160952.083 DEBUG 'ansible_navigator.main' Completed post processing for playbook_artifact_replay. (changed=False)
220223160952.083 DEBUG 'ansible_navigator.main' Completed post processing for plugin_name. (changed=False)
220223160952.083 DEBUG 'ansible_navigator.main' Completed post processing for set_environment_variable. (changed=False)
220223160952.083 WARNING 'ansible_navigator.main' Configuration errors encountered, rolling back to previous configuration.
220223160952.083 DEBUG 'ansible_navigator.main' Prior to rollback: ansible_runner_artifact_dir = 'Constants.NOT_SET' (Constants/value has not been set)
220223160952.083 DEBUG 'ansible_navigator.main' Prior to rollback: ansible_runner_rotate_artifacts_count = 'Constants.NOT_SET' (Constants/value has not been set)
220223160952.083 DEBUG 'ansible_navigator.main' Prior to rollback: ansible_runner_timeout = 'Constants.NOT_SET' (Constants/value has not been set)
220223160952.083 DEBUG 'ansible_navigator.main' Prior to rollback: app = 'collections' (str/cli parameters)
220223160952.084 DEBUG 'ansible_navigator.main' Prior to rollback: cmdline = 'Constants.NOT_SET' (Constants/value has not been set)
220223160952.084 DEBUG 'ansible_navigator.main' Prior to rollback: collection_doc_cache_path = '/root/.cache/ansible-navigator/collection_doc_cache.db' (str/default configuration value)
220223160952.084 DEBUG 'ansible_navigator.main' Prior to rollback: config = 'Constants.NOT_SET' (Constants/value has not been set)
220223160952.084 DEBUG 'ansible_navigator.main' Prior to rollback: container_engine = 'docker' (str/default configuration value)
220223160952.084 DEBUG 'ansible_navigator.main' Prior to rollback: container_options = 'Constants.NOT_SET' (Constants/value has not been set)
220223160952.084 DEBUG 'ansible_navigator.main' Prior to rollback: display_color = 'True' (bool/default configuration value)
220223160952.084 DEBUG 'ansible_navigator.main' Prior to rollback: editor_command = 'vi +{line_number} {filename}' (str/default configuration value)
220223160952.084 DEBUG 'ansible_navigator.main' Prior to rollback: editor_console = 'True' (bool/default configuration value)
220223160952.084 DEBUG 'ansible_navigator.main' Prior to rollback: execution_environment = 'my_first_ee_image' (str/cli parameters)
220223160952.084 DEBUG 'ansible_navigator.main' Prior to rollback: execution_environment_image = 'quay.io/ansible/ansible-navigator-demo-ee:0.6.0' (str/default configuration value)
220223160952.084 DEBUG 'ansible_navigator.main' Prior to rollback: execution_environment_volume_mounts = 'Constants.NOT_SET' (Constants/value has not been set)
220223160952.084 DEBUG 'ansible_navigator.main' Prior to rollback: help_config = 'False' (bool/default configuration value)
220223160952.084 DEBUG 'ansible_navigator.main' Prior to rollback: help_doc = 'False' (bool/default configuration value)
220223160952.084 DEBUG 'ansible_navigator.main' Prior to rollback: help_inventory = 'False' (bool/default configuration value)
220223160952.084 DEBUG 'ansible_navigator.main' Prior to rollback: help_playbook = 'False' (bool/default configuration value)
220223160952.084 DEBUG 'ansible_navigator.main' Prior to rollback: inventory = 'Constants.NOT_SET' (Constants/value has not been set)
220223160952.084 DEBUG 'ansible_navigator.main' Prior to rollback: inventory_column = 'Constants.NOT_SET' (Constants/value has not been set)
220223160952.084 DEBUG 'ansible_navigator.main' Prior to rollback: log_append = 'True' (bool/default configuration value)
220223160952.085 DEBUG 'ansible_navigator.main' Prior to rollback: log_file = '/home/adelahoz/project_life_cycle/ansible-builder-example/ansible-navigator.log' (str/default configuration value)
220223160952.085 DEBUG 'ansible_navigator.main' Prior to rollback: log_level = 'warning' (str/default configuration value)
220223160952.085 DEBUG 'ansible_navigator.main' Prior to rollback: mode = 'interactive' (str/default configuration value)
220223160952.085 DEBUG 'ansible_navigator.main' Prior to rollback: osc4 = 'True' (bool/default configuration value)
220223160952.085 DEBUG 'ansible_navigator.main' Prior to rollback: pass_environment_variable = 'Constants.NOT_SET' (Constants/value has not been set)
220223160952.085 DEBUG 'ansible_navigator.main' Prior to rollback: playbook = 'Constants.NOT_SET' (Constants/value has not been set)
220223160952.085 DEBUG 'ansible_navigator.main' Prior to rollback: playbook_artifact_enable = 'True' (bool/default configuration value)
220223160952.085 DEBUG 'ansible_navigator.main' Prior to rollback: playbook_artifact_replay = 'Constants.NOT_SET' (Constants/value has not been set)
220223160952.085 DEBUG 'ansible_navigator.main' Prior to rollback: playbook_artifact_save_as = '{playbook_dir}/{playbook_name}-artifact-{ts_utc}.json' (str/default configuration value)
220223160952.085 DEBUG 'ansible_navigator.main' Prior to rollback: plugin_name = 'Constants.NOT_SET' (Constants/value has not been set)
220223160952.085 DEBUG 'ansible_navigator.main' Prior to rollback: plugin_type = 'module' (str/default configuration value)
220223160952.085 DEBUG 'ansible_navigator.main' Prior to rollback: pull_policy = 'tag' (str/default configuration value)
220223160952.085 DEBUG 'ansible_navigator.main' Prior to rollback: set_environment_variable = 'Constants.NOT_SET' (Constants/value has not been set)
220223160952.085 DEBUG 'ansible_navigator.main' After rollback: ansible_runner_artifact_dir = 'Constants.NOT_SET' (Constants/value has not been set)
220223160952.085 DEBUG 'ansible_navigator.main' After rollback: ansible_runner_rotate_artifacts_count = 'Constants.NOT_SET' (Constants/value has not been set)
220223160952.085 DEBUG 'ansible_navigator.main' After rollback: ansible_runner_timeout = 'Constants.NOT_SET' (Constants/value has not been set)
220223160952.085 DEBUG 'ansible_navigator.main' After rollback: app = 'Constants.NOT_SET' (Constants/value has not been set)
220223160952.086 DEBUG 'ansible_navigator.main' After rollback: cmdline = 'Constants.NOT_SET' (Constants/value has not been set)
220223160952.086 DEBUG 'ansible_navigator.main' After rollback: collection_doc_cache_path = 'Constants.NOT_SET' (Constants/value has not been set)
220223160952.086 DEBUG 'ansible_navigator.main' After rollback: config = 'Constants.NOT_SET' (Constants/value has not been set)
220223160952.086 DEBUG 'ansible_navigator.main' After rollback: container_engine = 'Constants.NOT_SET' (Constants/value has not been set)
220223160952.086 DEBUG 'ansible_navigator.main' After rollback: container_options = 'Constants.NOT_SET' (Constants/value has not been set)
220223160952.086 DEBUG 'ansible_navigator.main' After rollback: display_color = 'Constants.NOT_SET' (Constants/value has not been set)
220223160952.086 DEBUG 'ansible_navigator.main' After rollback: editor_command = 'Constants.NOT_SET' (Constants/value has not been set)
220223160952.086 DEBUG 'ansible_navigator.main' After rollback: editor_console = 'Constants.NOT_SET' (Constants/value has not been set)
220223160952.086 DEBUG 'ansible_navigator.main' After rollback: execution_environment = 'Constants.NOT_SET' (Constants/value has not been set)
220223160952.086 DEBUG 'ansible_navigator.main' After rollback: execution_environment_image = 'Constants.NOT_SET' (Constants/value has not been set)
220223160952.086 DEBUG 'ansible_navigator.main' After rollback: execution_environment_volume_mounts = 'Constants.NOT_SET' (Constants/value has not been set)
220223160952.087 DEBUG 'ansible_navigator.main' After rollback: help_config = 'Constants.NOT_SET' (Constants/value has not been set)
220223160952.087 DEBUG 'ansible_navigator.main' After rollback: help_doc = 'Constants.NOT_SET' (Constants/value has not been set)
220223160952.087 DEBUG 'ansible_navigator.main' After rollback: help_inventory = 'Constants.NOT_SET' (Constants/value has not been set)
220223160952.087 DEBUG 'ansible_navigator.main' After rollback: help_playbook = 'Constants.NOT_SET' (Constants/value has not been set)
220223160952.087 DEBUG 'ansible_navigator.main' After rollback: inventory = 'Constants.NOT_SET' (Constants/value has not been set)
220223160952.087 DEBUG 'ansible_navigator.main' After rollback: inventory_column = 'Constants.NOT_SET' (Constants/value has not been set)
220223160952.087 DEBUG 'ansible_navigator.main' After rollback: log_append = 'Constants.NOT_SET' (Constants/value has not been set)
220223160952.087 DEBUG 'ansible_navigator.main' After rollback: log_file = 'Constants.NOT_SET' (Constants/value has not been set)
220223160952.087 DEBUG 'ansible_navigator.main' After rollback: log_level = 'Constants.NOT_SET' (Constants/value has not been set)
220223160952.087 DEBUG 'ansible_navigator.main' After rollback: mode = 'Constants.NOT_SET' (Constants/value has not been set)
220223160952.087 DEBUG 'ansible_navigator.main' After rollback: osc4 = 'Constants.NOT_SET' (Constants/value has not been set)
220223160952.087 DEBUG 'ansible_navigator.main' After rollback: pass_environment_variable = 'Constants.NOT_SET' (Constants/value has not been set)
220223160952.088 DEBUG 'ansible_navigator.main' After rollback: playbook = 'Constants.NOT_SET' (Constants/value has not been set)
220223160952.088 DEBUG 'ansible_navigator.main' After rollback: playbook_artifact_enable = 'Constants.NOT_SET' (Constants/value has not been set)
220223160952.088 DEBUG 'ansible_navigator.main' After rollback: playbook_artifact_replay = 'Constants.NOT_SET' (Constants/value has not been set)
220223160952.088 DEBUG 'ansible_navigator.main' After rollback: playbook_artifact_save_as = 'Constants.NOT_SET' (Constants/value has not been set)
220223160952.088 DEBUG 'ansible_navigator.main' After rollback: plugin_name = 'Constants.NOT_SET' (Constants/value has not been set)
220223160952.088 DEBUG 'ansible_navigator.main' After rollback: plugin_type = 'Constants.NOT_SET' (Constants/value has not been set)
220223160952.088 DEBUG 'ansible_navigator.main' After rollback: pull_policy = 'Constants.NOT_SET' (Constants/value has not been set)
220223160952.088 DEBUG 'ansible_navigator.main' After rollback: set_environment_variable = 'Constants.NOT_SET' (Constants/value has not been set)
220223160952.088 DEBUG 'ansible_navigator.main' Configuration rollback complete.
220223160952.088 ERROR 'ansible_navigator.main' Command provided: 'collections --ee my_first_ee_image'
220223160952.088 ERROR 'ansible_navigator.main' execution_environment could not be converted to a boolean value, value was 'my_first_ee_image' (str)
220223160952.088 ERROR 'ansible_navigator.main' execution-environment must be one of 'true' or 'false', but set as 'my_first_ee_image' in cli parameters
220223160952.089 INFO 'ansible_navigator.main' Try again with '--ee true' or '--ee false'
220223160952.089 ERROR 'ansible_navigator.main' Configuration failed, using default log file location: /home/adelahoz/project_life_cycle/ansible-builder-example/ansible-navigator.log. Log level set to debug
220223160952.089 INFO 'ansible_navigator.main' Review the hints and log file to see what went wrong: /home/adelahoz/project_life_cycle/ansible-builder-example/ansible-navigator.log
220223161119.477 INFO 'ansible_navigator.setup_logger' New ansible-navigator instance, logging initialized
220223161119.477 INFO 'ansible_navigator.setup_logger' New ansible-runner instance, logging initialized
220223161119.477 DEBUG 'ansible_navigator.main' Share directory '/root/.local/lib/python3.8/share/ansible_navigator' not found (development path)
220223161119.478 DEBUG 'ansible_navigator.main' Share directory '/root/.local/share/ansible_navigator' found (userbase)
220223161119.478 DEBUG 'ansible_navigator.main' Default collection_doc_cache_path set to: /root/.cache/ansible-navigator/collection_doc_cache.db
220223161119.478 DEBUG 'ansible_navigator.main' EDITOR environment variable not set
220223161119.478 DEBUG 'ansible_navigator.main' Default editor_command set to: vi +{line_number} {filename}
220223161119.478 DEBUG 'ansible_navigator.main' No config file set by ANSIBLE_NAVIGATOR_CONFIG
220223161119.478 DEBUG 'ansible_navigator.main' Looking in /root
220223161119.478 DEBUG 'ansible_navigator.main' Looking for '/root/.ansible-navigator.yml', '/root/.ansible-navigator.yaml' and '/root/.ansible-navigator.json'
220223161119.478 DEBUG 'ansible_navigator.main' Found 0: 
220223161119.478 DEBUG 'ansible_navigator.main' Looking in /home/adelahoz/project_life_cycle/ansible-builder-example
220223161119.478 DEBUG 'ansible_navigator.main' Looking for '/home/adelahoz/project_life_cycle/ansible-builder-example/ansible-navigator.yml', '/home/adelahoz/project_life_cycle/ansible-builder-example/ansible-navigator.yaml' and '/home/adelahoz/project_life_cycle/ansible-builder-example/ansible-navigator.json'
220223161119.478 DEBUG 'ansible_navigator.main' Found 0: 
220223161119.478 DEBUG 'ansible_navigator.main' All found 0: 
220223161119.478 DEBUG 'ansible_navigator.main' Using: None
220223161119.478 DEBUG 'ansible_navigator.main' No valid settings file found, using all default values for settings.
220223161119.478 DEBUG 'ansible_navigator.main' Command provided: 'collections --ee 7ce75a6ea6b0'
220223161119.478 DEBUG 'ansible_navigator.main' Completed post processing for ansible_runner_artifact_dir. (changed=False)
220223161119.479 DEBUG 'ansible_navigator.main' Completed post processing for ansible_runner_rotate_artifacts_count. (changed=False)
220223161119.479 DEBUG 'ansible_navigator.main' Completed post processing for ansible_runner_timeout. (changed=False)
220223161119.479 DEBUG 'ansible_navigator.main' Completed post processing for cmdline. (changed=False)
220223161119.479 DEBUG 'ansible_navigator.main' Completed post processing for collection_doc_cache_path. (changed=False)
220223161119.479 DEBUG 'ansible_navigator.main' Completed post processing for container_engine. (changed=True)
220223161119.479 DEBUG 'ansible_navigator.main'  before: 'auto'
220223161119.479 DEBUG 'ansible_navigator.main'  after: 'docker'
220223161119.479 DEBUG 'ansible_navigator.main' Completed post processing for container_options. (changed=False)
220223161119.479 DEBUG 'ansible_navigator.main' Completed post processing for display_color. (changed=False)
220223161119.479 DEBUG 'ansible_navigator.main' Completed post processing for editor_console. (changed=False)
220223161119.479 INFO 'ansible_navigator.main' ansible-playbook found at /usr/bin/ansible-playbook
220223161119.479 DEBUG 'ansible_navigator.main' Completed post processing for execution_environment. (changed=False)
220223161119.479 DEBUG 'ansible_navigator.main' Completed post processing for execution_environment_image. (changed=False)
220223161119.479 DEBUG 'ansible_navigator.main' Completed post processing for execution_environment_volume_mounts. (changed=False)
220223161119.479 DEBUG 'ansible_navigator.main' Completed post processing for help_config. (changed=False)
220223161119.479 DEBUG 'ansible_navigator.main' Completed post processing for help_doc. (changed=False)
220223161119.479 DEBUG 'ansible_navigator.main' Completed post processing for help_inventory. (changed=False)
220223161119.480 DEBUG 'ansible_navigator.main' Completed post processing for help_playbook. (changed=False)
220223161119.480 DEBUG 'ansible_navigator.main' Completed post processing for inventory. (changed=False)
220223161119.480 DEBUG 'ansible_navigator.main' Completed post processing for inventory_column. (changed=False)
220223161119.480 DEBUG 'ansible_navigator.main' Completed post processing for log_append. (changed=False)
220223161119.480 DEBUG 'ansible_navigator.main' Completed post processing for log_file. (changed=False)
220223161119.480 DEBUG 'ansible_navigator.main' Completed post processing for mode. (changed=False)
220223161119.480 DEBUG 'ansible_navigator.main' Completed post processing for osc4. (changed=False)
220223161119.480 DEBUG 'ansible_navigator.main' Completed post processing for pass_environment_variable. (changed=False)
220223161119.480 DEBUG 'ansible_navigator.main' Completed post processing for playbook. (changed=False)
220223161119.480 DEBUG 'ansible_navigator.main' Completed post processing for playbook_artifact_enable. (changed=False)
220223161119.480 DEBUG 'ansible_navigator.main' Completed post processing for playbook_artifact_replay. (changed=False)
220223161119.480 DEBUG 'ansible_navigator.main' Completed post processing for plugin_name. (changed=False)
220223161119.480 DEBUG 'ansible_navigator.main' Completed post processing for set_environment_variable. (changed=False)
220223161119.480 WARNING 'ansible_navigator.main' Configuration errors encountered, rolling back to previous configuration.
220223161119.480 DEBUG 'ansible_navigator.main' Prior to rollback: ansible_runner_artifact_dir = 'Constants.NOT_SET' (Constants/value has not been set)
220223161119.480 DEBUG 'ansible_navigator.main' Prior to rollback: ansible_runner_rotate_artifacts_count = 'Constants.NOT_SET' (Constants/value has not been set)
220223161119.480 DEBUG 'ansible_navigator.main' Prior to rollback: ansible_runner_timeout = 'Constants.NOT_SET' (Constants/value has not been set)
220223161119.481 DEBUG 'ansible_navigator.main' Prior to rollback: app = 'collections' (str/cli parameters)
220223161119.481 DEBUG 'ansible_navigator.main' Prior to rollback: cmdline = 'Constants.NOT_SET' (Constants/value has not been set)
220223161119.481 DEBUG 'ansible_navigator.main' Prior to rollback: collection_doc_cache_path = '/root/.cache/ansible-navigator/collection_doc_cache.db' (str/default configuration value)
220223161119.481 DEBUG 'ansible_navigator.main' Prior to rollback: config = 'Constants.NOT_SET' (Constants/value has not been set)
220223161119.481 DEBUG 'ansible_navigator.main' Prior to rollback: container_engine = 'docker' (str/default configuration value)
220223161119.481 DEBUG 'ansible_navigator.main' Prior to rollback: container_options = 'Constants.NOT_SET' (Constants/value has not been set)
220223161119.481 DEBUG 'ansible_navigator.main' Prior to rollback: display_color = 'True' (bool/default configuration value)
220223161119.481 DEBUG 'ansible_navigator.main' Prior to rollback: editor_command = 'vi +{line_number} {filename}' (str/default configuration value)
220223161119.481 DEBUG 'ansible_navigator.main' Prior to rollback: editor_console = 'True' (bool/default configuration value)
220223161119.481 DEBUG 'ansible_navigator.main' Prior to rollback: execution_environment = '7ce75a6ea6b0' (str/cli parameters)
220223161119.481 DEBUG 'ansible_navigator.main' Prior to rollback: execution_environment_image = 'quay.io/ansible/ansible-navigator-demo-ee:0.6.0' (str/default configuration value)
220223161119.481 DEBUG 'ansible_navigator.main' Prior to rollback: execution_environment_volume_mounts = 'Constants.NOT_SET' (Constants/value has not been set)
220223161119.481 DEBUG 'ansible_navigator.main' Prior to rollback: help_config = 'False' (bool/default configuration value)
220223161119.481 DEBUG 'ansible_navigator.main' Prior to rollback: help_doc = 'False' (bool/default configuration value)
220223161119.481 DEBUG 'ansible_navigator.main' Prior to rollback: help_inventory = 'False' (bool/default configuration value)
220223161119.481 DEBUG 'ansible_navigator.main' Prior to rollback: help_playbook = 'False' (bool/default configuration value)
220223161119.481 DEBUG 'ansible_navigator.main' Prior to rollback: inventory = 'Constants.NOT_SET' (Constants/value has not been set)
220223161119.481 DEBUG 'ansible_navigator.main' Prior to rollback: inventory_column = 'Constants.NOT_SET' (Constants/value has not been set)
220223161119.481 DEBUG 'ansible_navigator.main' Prior to rollback: log_append = 'True' (bool/default configuration value)
220223161119.482 DEBUG 'ansible_navigator.main' Prior to rollback: log_file = '/home/adelahoz/project_life_cycle/ansible-builder-example/ansible-navigator.log' (str/default configuration value)
220223161119.482 DEBUG 'ansible_navigator.main' Prior to rollback: log_level = 'warning' (str/default configuration value)
220223161119.482 DEBUG 'ansible_navigator.main' Prior to rollback: mode = 'interactive' (str/default configuration value)
220223161119.482 DEBUG 'ansible_navigator.main' Prior to rollback: osc4 = 'True' (bool/default configuration value)
220223161119.482 DEBUG 'ansible_navigator.main' Prior to rollback: pass_environment_variable = 'Constants.NOT_SET' (Constants/value has not been set)
220223161119.482 DEBUG 'ansible_navigator.main' Prior to rollback: playbook = 'Constants.NOT_SET' (Constants/value has not been set)
220223161119.482 DEBUG 'ansible_navigator.main' Prior to rollback: playbook_artifact_enable = 'True' (bool/default configuration value)
220223161119.482 DEBUG 'ansible_navigator.main' Prior to rollback: playbook_artifact_replay = 'Constants.NOT_SET' (Constants/value has not been set)
220223161119.482 DEBUG 'ansible_navigator.main' Prior to rollback: playbook_artifact_save_as = '{playbook_dir}/{playbook_name}-artifact-{ts_utc}.json' (str/default configuration value)
220223161119.482 DEBUG 'ansible_navigator.main' Prior to rollback: plugin_name = 'Constants.NOT_SET' (Constants/value has not been set)
220223161119.482 DEBUG 'ansible_navigator.main' Prior to rollback: plugin_type = 'module' (str/default configuration value)
220223161119.482 DEBUG 'ansible_navigator.main' Prior to rollback: pull_policy = 'tag' (str/default configuration value)
220223161119.482 DEBUG 'ansible_navigator.main' Prior to rollback: set_environment_variable = 'Constants.NOT_SET' (Constants/value has not been set)
220223161119.482 DEBUG 'ansible_navigator.main' After rollback: ansible_runner_artifact_dir = 'Constants.NOT_SET' (Constants/value has not been set)
220223161119.482 DEBUG 'ansible_navigator.main' After rollback: ansible_runner_rotate_artifacts_count = 'Constants.NOT_SET' (Constants/value has not been set)
220223161119.482 DEBUG 'ansible_navigator.main' After rollback: ansible_runner_timeout = 'Constants.NOT_SET' (Constants/value has not been set)
220223161119.482 DEBUG 'ansible_navigator.main' After rollback: app = 'Constants.NOT_SET' (Constants/value has not been set)
220223161119.482 DEBUG 'ansible_navigator.main' After rollback: cmdline = 'Constants.NOT_SET' (Constants/value has not been set)
220223161119.482 DEBUG 'ansible_navigator.main' After rollback: collection_doc_cache_path = 'Constants.NOT_SET' (Constants/value has not been set)
220223161119.483 DEBUG 'ansible_navigator.main' After rollback: config = 'Constants.NOT_SET' (Constants/value has not been set)
220223161119.483 DEBUG 'ansible_navigator.main' After rollback: container_engine = 'Constants.NOT_SET' (Constants/value has not been set)
220223161119.483 DEBUG 'ansible_navigator.main' After rollback: container_options = 'Constants.NOT_SET' (Constants/value has not been set)
220223161119.483 DEBUG 'ansible_navigator.main' After rollback: display_color = 'Constants.NOT_SET' (Constants/value has not been set)
220223161119.483 DEBUG 'ansible_navigator.main' After rollback: editor_command = 'Constants.NOT_SET' (Constants/value has not been set)
220223161119.483 DEBUG 'ansible_navigator.main' After rollback: editor_console = 'Constants.NOT_SET' (Constants/value has not been set)
220223161119.483 DEBUG 'ansible_navigator.main' After rollback: execution_environment = 'Constants.NOT_SET' (Constants/value has not been set)
220223161119.483 DEBUG 'ansible_navigator.main' After rollback: execution_environment_image = 'Constants.NOT_SET' (Constants/value has not been set)
220223161119.483 DEBUG 'ansible_navigator.main' After rollback: execution_environment_volume_mounts = 'Constants.NOT_SET' (Constants/value has not been set)
220223161119.483 DEBUG 'ansible_navigator.main' After rollback: help_config = 'Constants.NOT_SET' (Constants/value has not been set)
220223161119.483 DEBUG 'ansible_navigator.main' After rollback: help_doc = 'Constants.NOT_SET' (Constants/value has not been set)
220223161119.483 DEBUG 'ansible_navigator.main' After rollback: help_inventory = 'Constants.NOT_SET' (Constants/value has not been set)
220223161119.483 DEBUG 'ansible_navigator.main' After rollback: help_playbook = 'Constants.NOT_SET' (Constants/value has not been set)
220223161119.483 DEBUG 'ansible_navigator.main' After rollback: inventory = 'Constants.NOT_SET' (Constants/value has not been set)
220223161119.483 DEBUG 'ansible_navigator.main' After rollback: inventory_column = 'Constants.NOT_SET' (Constants/value has not been set)
220223161119.483 DEBUG 'ansible_navigator.main' After rollback: log_append = 'Constants.NOT_SET' (Constants/value has not been set)
220223161119.483 DEBUG 'ansible_navigator.main' After rollback: log_file = 'Constants.NOT_SET' (Constants/value has not been set)
220223161119.484 DEBUG 'ansible_navigator.main' After rollback: log_level = 'Constants.NOT_SET' (Constants/value has not been set)
220223161119.484 DEBUG 'ansible_navigator.main' After rollback: mode = 'Constants.NOT_SET' (Constants/value has not been set)
220223161119.484 DEBUG 'ansible_navigator.main' After rollback: osc4 = 'Constants.NOT_SET' (Constants/value has not been set)
220223161119.484 DEBUG 'ansible_navigator.main' After rollback: pass_environment_variable = 'Constants.NOT_SET' (Constants/value has not been set)
220223161119.484 DEBUG 'ansible_navigator.main' After rollback: playbook = 'Constants.NOT_SET' (Constants/value has not been set)
220223161119.484 DEBUG 'ansible_navigator.main' After rollback: playbook_artifact_enable = 'Constants.NOT_SET' (Constants/value has not been set)
220223161119.484 DEBUG 'ansible_navigator.main' After rollback: playbook_artifact_replay = 'Constants.NOT_SET' (Constants/value has not been set)
220223161119.484 DEBUG 'ansible_navigator.main' After rollback: playbook_artifact_save_as = 'Constants.NOT_SET' (Constants/value has not been set)
220223161119.484 DEBUG 'ansible_navigator.main' After rollback: plugin_name = 'Constants.NOT_SET' (Constants/value has not been set)
220223161119.484 DEBUG 'ansible_navigator.main' After rollback: plugin_type = 'Constants.NOT_SET' (Constants/value has not been set)
220223161119.484 DEBUG 'ansible_navigator.main' After rollback: pull_policy = 'Constants.NOT_SET' (Constants/value has not been set)
220223161119.484 DEBUG 'ansible_navigator.main' After rollback: set_environment_variable = 'Constants.NOT_SET' (Constants/value has not been set)
220223161119.484 DEBUG 'ansible_navigator.main' Configuration rollback complete.
220223161119.484 ERROR 'ansible_navigator.main' Command provided: 'collections --ee 7ce75a6ea6b0'
220223161119.484 ERROR 'ansible_navigator.main' execution_environment could not be converted to a boolean value, value was '7ce75a6ea6b0' (str)
220223161119.484 ERROR 'ansible_navigator.main' execution-environment must be one of 'true' or 'false', but set as '7ce75a6ea6b0' in cli parameters
220223161119.484 INFO 'ansible_navigator.main' Try again with '--ee true' or '--ee false'
220223161119.484 ERROR 'ansible_navigator.main' Configuration failed, using default log file location: /home/adelahoz/project_life_cycle/ansible-builder-example/ansible-navigator.log. Log level set to debug
220223161119.485 INFO 'ansible_navigator.main' Review the hints and log file to see what went wrong: /home/adelahoz/project_life_cycle/ansible-builder-example/ansible-navigator.log
220223161126.385 ERROR 'ansible_navigator.image_manager.puller._log_message' Execution environment pull failed
220223161126.386 ERROR 'ansible_navigator.image_manager.puller._log_message' Error response from daemon: pull access denied for 7ce75a6ea6b0, repository does not exist or may require 'docker login': denied: requested access to the resource is denied
220223161402.654 ERROR 'ansible_navigator.image_manager.puller._log_message' Execution environment pull failed
220223161402.655 ERROR 'ansible_navigator.image_manager.puller._log_message' Error response from daemon: pull access denied for my_first_ee_image, repository does not exist or may require 'docker login': denied: requested access to the resource is denied
220223161612.771 ERROR 'ansible_navigator.image_manager.puller._log_message' Execution environment pull failed
220223161612.772 ERROR 'ansible_navigator.image_manager.puller._log_message' Error response from daemon: pull access denied for my_first_ee_image, repository does not exist or may require 'docker login': denied: requested access to the resource is denied
220223161634.411 ERROR 'ansible_navigator.image_manager.puller._log_message' Execution environment pull failed
220223161634.412 ERROR 'ansible_navigator.image_manager.puller._log_message' Error response from daemon: pull access denied for my_first_ee_image, repository does not exist or may require 'docker login': denied: requested access to the resource is denied
220223161704.952 ERROR 'ansible_navigator.image_manager.puller._log_message' Execution environment pull failed
220223161704.953 ERROR 'ansible_navigator.image_manager.puller._log_message' Error response from daemon: pull access denied for local/my_first_ee_image, repository does not exist or may require 'docker login': denied: requested access to the resource is denied
220223162610.338 ERROR 'ansible_navigator.image_manager.puller._log_message' Execution environment pull failed
220223162610.339 ERROR 'ansible_navigator.image_manager.puller._log_message' Error response from daemon: pull access denied for local/my_first_ee_image, repository does not exist or may require 'docker login': denied: requested access to the resource is denied
